rpy2.rinterface_lib.callbacks - WARNING - R[write to console]: Warning message:

rpy2.rinterface_lib.callbacks - WARNING - R[write to console]: package ‘tools’ was built under R version 3.6.3 

rpy2.rinterface_lib.callbacks - WARNING - R[write to console]: Warning message:

rpy2.rinterface_lib.callbacks - WARNING - R[write to console]: package ‘tools’ was built under R version 3.6.3 

R[write to console]: Warning message:

R[write to console]: package ‘tools’ was built under R version 3.6.3 

R[write to console]: Warning message:

R[write to console]: package ‘tools’ was built under R version 3.6.3 

R[write to console]: 

R[write to console]: Warning message:

R[write to console]: package ‘tools’ was built under R version 3.6.3 

R[write to console]: 

R[write to console]: Warning message:

R[write to console]: package ‘tools’ was built under R version 3.6.3 

R[write to console]: Warning message:

R[write to console]: package ‘tools’ was built under R version 3.6.3 

R[write to console]: Warning message:

R[write to console]: package ‘tools’ was built under R version 3.6.3 

R[write to console]: Warning message:

R[write to console]: package ‘tools’ was built under R version 3.6.3 

R[write to console]: Warning message:

R[write to console]: package ‘tools’ was built under R version 3.6.3 

R[write to console]: Warning message:

R[write to console]: package ‘tools’ was built under R version 3.6.3 

R[write to console]: Warning message:

R[write to console]: package ‘tools’ was built under R version 3.6.3 

R[write to console]: Warning message:

R[write to console]: package ‘tools’ was built under R version 3.6.3 

R[write to console]: Warning message:

R[write to console]: package ‘tools’ was built under R version 3.6.3 

R[write to console]: Warning message:

R[write to console]: package ‘tools’ was built under R version 3.6.3 

R[write to console]: 

R[write to console]: Warning message:

R[write to console]: package ‘tools’ was built under R version 3.6.3 

R[write to console]: 

R[write to console]: Warning message:

R[write to console]: package ‘tools’ was built under R version 3.6.3 

R[write to console]: Warning message:

R[write to console]: package ‘tools’ was built under R version 3.6.3 

R[write to console]: Warning message:

R[write to console]: package ‘tools’ was built under R version 3.6.3 

R[write to console]: Warning message:

R[write to console]: package ‘tools’ was built under R version 3.6.3 

R[write to console]: Warning message:

R[write to console]: package ‘tools’ was built under R version 3.6.3 

cffi mode is CFFI_MODE.ANY
R home found: /home/tasnina/anaconda3/envs/sarscov2-net-new/lib/R
R library path: 
LD_LIBRARY_PATH: 
Default options to initialize R: rpy2, --quiet, --no-save
R is already initialized. No need to initialize.
cffi mode is CFFI_MODE.ANY
R home found: /home/tasnina/anaconda3/envs/sarscov2-net-new/lib/R
R library path: 
LD_LIBRARY_PATH: 
Default options to initialize R: rpy2, --quiet, --no-save
R is already initialized. No need to initialize.
cffi mode is CFFI_MODE.ANY
R home found: /home/tasnina/anaconda3/envs/sarscov2-net-new/lib/R
R library path: 
LD_LIBRARY_PATH: 
Default options to initialize R: rpy2, --quiet, --no-save
R is already initialized. No need to initialize.
cffi mode is CFFI_MODE.ANY
R home found: /home/tasnina/anaconda3/envs/sarscov2-net-new/lib/R
R library path: 
LD_LIBRARY_PATH: 
Default options to initialize R: rpy2, --quiet, --no-save
R is already initialized. No need to initialize.
cffi mode is CFFI_MODE.ANY
R home found: /home/tasnina/anaconda3/envs/sarscov2-net-new/lib/R
R library path: 
LD_LIBRARY_PATH: 
Default options to initialize R: rpy2, --quiet, --no-save
R is already initialized. No need to initialize.
cffi mode is CFFI_MODE.ANY
R home found: /home/tasnina/anaconda3/envs/sarscov2-net-new/lib/R
R library path: 
LD_LIBRARY_PATH: 
Default options to initialize R: rpy2, --quiet, --no-save
R is already initialized. No need to initialize.
cffi mode is CFFI_MODE.ANY
R home found: /home/tasnina/anaconda3/envs/sarscov2-net-new/lib/R
R library path: 
LD_LIBRARY_PATH: 
Default options to initialize R: rpy2, --quiet, --no-save
R is already initialized. No need to initialize.
cffi mode is CFFI_MODE.ANY
R home found: /home/tasnina/anaconda3/envs/sarscov2-net-new/lib/R
R library path: 
LD_LIBRARY_PATH: 
Default options to initialize R: rpy2, --quiet, --no-save
R is already initialized. No need to initialize.
cffi mode is CFFI_MODE.ANY
R home found: /home/tasnina/anaconda3/envs/sarscov2-net-new/lib/R
R library path: 
LD_LIBRARY_PATH: 
Default options to initialize R: rpy2, --quiet, --no-save
R is already initialized. No need to initialize.
cffi mode is CFFI_MODE.ANY
R home found: /home/tasnina/anaconda3/envs/sarscov2-net-new/lib/R
R library path: 
LD_LIBRARY_PATH: 
Default options to initialize R: rpy2, --quiet, --no-save
R is already initialized. No need to initialize.
cffi mode is CFFI_MODE.ANY
R home found: /home/tasnina/anaconda3/envs/sarscov2-net-new/lib/R
R library path: 
LD_LIBRARY_PATH: 
Default options to initialize R: rpy2, --quiet, --no-save
R is already initialized. No need to initialize.
cffi mode is CFFI_MODE.ANY
R home found: /home/tasnina/anaconda3/envs/sarscov2-net-new/lib/R
R library path: 
LD_LIBRARY_PATH: 
Default options to initialize R: rpy2, --quiet, --no-save
R is already initialized. No need to initialize.
cffi mode is CFFI_MODE.ANY
R home found: /home/tasnina/anaconda3/envs/sarscov2-net-new/lib/R
R library path: 
LD_LIBRARY_PATH: 
Default options to initialize R: rpy2, --quiet, --no-save
R is already initialized. No need to initialize.
cffi mode is CFFI_MODE.ANY
R home found: /home/tasnina/anaconda3/envs/sarscov2-net-new/lib/R
R library path: 
LD_LIBRARY_PATH: 
Default options to initialize R: rpy2, --quiet, --no-save
R is already initialized. No need to initialize.
cffi mode is CFFI_MODE.ANY
R home found: /home/tasnina/anaconda3/envs/sarscov2-net-new/lib/R
R library path: 
LD_LIBRARY_PATH: 
Default options to initialize R: rpy2, --quiet, --no-save
R is already initialized. No need to initialize.
cffi mode is CFFI_MODE.ANY
R home found: /home/tasnina/anaconda3/envs/sarscov2-net-new/lib/R
R library path: 
LD_LIBRARY_PATH: 
Default options to initialize R: rpy2, --quiet, --no-save
R is already initialized. No need to initialize.
cffi mode is CFFI_MODE.ANY
R home found: /home/tasnina/anaconda3/envs/sarscov2-net-new/lib/R
R library path: 
LD_LIBRARY_PATH: 
Default options to initialize R: rpy2, --quiet, --no-save
R is already initialized. No need to initialize.
cffi mode is CFFI_MODE.ANY
R home found: /home/tasnina/anaconda3/envs/sarscov2-net-new/lib/R
R library path: 
LD_LIBRARY_PATH: 
Default options to initialize R: rpy2, --quiet, --no-save
R is already initialized. No need to initialize.
